<?xml version="1.0" encoding="UTF-8"?>
<!-- Generated by org.testng.reporters.JUnitReportReporter -->
<testsuite skipped="0" hostname="anamuls-mbp.lan" name="allPagesTest.SignInPageTest" tests="2" failures="0" timestamp="04 Jan 2019 20:17:12 GMT" time="17.025" errors="0">
  <testcase name="signInTest" time="8.613" classname="allPagesTest.SignInPageTest"/>
  <testcase name="signInTest" time="8.412" classname="allPagesTest.SignInPageTest"/>
</testsuite> <!-- allPagesTest.SignInPageTest -->
