<?xml version="1.0" encoding="UTF-8"?>
<!-- Generated by org.testng.reporters.JUnitReportReporter -->
<testsuite skipped="2" hostname="anamuls-mbp.lan" name="allPagesTest.HomePageTest" tests="3" failures="0" timestamp="04 Jan 2019 02:39:50 GMT" time="0.017" errors="0">
  <testcase name="checkLunchRightHomePage" time="0.017" classname="allPagesTest.HomePageTest"/>
  <testcase name="checkHomePageContainsLogoTest" classname="allPagesTest.HomePageTest">
    <skipped/>
  </testcase> <!-- checkHomePageContainsLogoTest -->
  <testcase name="checkSearchBoxIsWorkingOrNot" classname="allPagesTest.HomePageTest">
    <skipped/>
  </testcase> <!-- checkSearchBoxIsWorkingOrNot -->
</testsuite> <!-- allPagesTest.HomePageTest -->
